mode: set
habit-tracker/controllers/habitControllers/updateHabit.go:12.50,15.49 2 1
habit-tracker/controllers/habitControllers/updateHabit.go:22.2,23.62 2 1
habit-tracker/controllers/habitControllers/updateHabit.go:30.2,49.38 2 1
habit-tracker/controllers/habitControllers/updateHabit.go:55.2,56.45 2 1
habit-tracker/controllers/habitControllers/updateHabit.go:15.49,19.3 1 1
habit-tracker/controllers/habitControllers/updateHabit.go:23.62,27.3 1 1
habit-tracker/controllers/habitControllers/updateHabit.go:49.38,53.3 1 0
habit-tracker/controllers/habitControllers/updateHabitList.go:12.54,15.49 2 1
habit-tracker/controllers/habitControllers/updateHabitList.go:22.2,23.62 2 1
habit-tracker/controllers/habitControllers/updateHabitList.go:30.2,39.40 4 1
habit-tracker/controllers/habitControllers/updateHabitList.go:45.2,45.42 1 1
habit-tracker/controllers/habitControllers/updateHabitList.go:51.2,66.38 2 1
habit-tracker/controllers/habitControllers/updateHabitList.go:72.2,73.52 2 1
habit-tracker/controllers/habitControllers/updateHabitList.go:15.49,19.3 1 1
habit-tracker/controllers/habitControllers/updateHabitList.go:23.62,27.3 1 1
habit-tracker/controllers/habitControllers/updateHabitList.go:39.40,43.3 1 0
habit-tracker/controllers/habitControllers/updateHabitList.go:45.42,49.3 1 1
habit-tracker/controllers/habitControllers/updateHabitList.go:66.38,70.3 1 0
habit-tracker/controllers/habitControllers/createHabit.go:14.50,17.49 2 1
habit-tracker/controllers/habitControllers/createHabit.go:24.2,25.62 2 1
habit-tracker/controllers/habitControllers/createHabit.go:32.2,41.40 4 1
habit-tracker/controllers/habitControllers/createHabit.go:47.2,47.34 1 1
habit-tracker/controllers/habitControllers/createHabit.go:54.2,77.36 4 1
habit-tracker/controllers/habitControllers/createHabit.go:90.2,91.22 2 1
habit-tracker/controllers/habitControllers/createHabit.go:17.49,21.3 1 1
habit-tracker/controllers/habitControllers/createHabit.go:25.62,29.3 1 1
habit-tracker/controllers/habitControllers/createHabit.go:41.40,45.3 1 0
habit-tracker/controllers/habitControllers/createHabit.go:47.34,51.3 1 1
habit-tracker/controllers/habitControllers/createHabit.go:77.36,78.49 1 1
habit-tracker/controllers/habitControllers/createHabit.go:78.49,82.4 1 1
habit-tracker/controllers/habitControllers/createHabit.go:82.9,87.4 2 0
habit-tracker/controllers/habitControllers/createHabitList.go:14.54,17.49 2 1
habit-tracker/controllers/habitControllers/createHabitList.go:24.2,25.62 2 1
habit-tracker/controllers/habitControllers/createHabitList.go:32.2,41.40 4 1
habit-tracker/controllers/habitControllers/createHabitList.go:47.2,47.42 1 1
habit-tracker/controllers/habitControllers/createHabitList.go:54.2,67.36 4 1
habit-tracker/controllers/habitControllers/createHabitList.go:80.2,80.22 1 1
habit-tracker/controllers/habitControllers/createHabitList.go:17.49,21.3 1 1
habit-tracker/controllers/habitControllers/createHabitList.go:25.62,29.3 1 1
habit-tracker/controllers/habitControllers/createHabitList.go:41.40,45.3 1 0
habit-tracker/controllers/habitControllers/createHabitList.go:47.42,51.3 1 1
habit-tracker/controllers/habitControllers/createHabitList.go:67.36,68.44 1 0
habit-tracker/controllers/habitControllers/createHabitList.go:68.44,72.4 1 0
habit-tracker/controllers/habitControllers/createHabitList.go:72.9,77.4 2 0
habit-tracker/controllers/habitControllers/deleteHabit.go:11.50,14.49 2 1
habit-tracker/controllers/habitControllers/deleteHabit.go:21.2,22.62 2 1
habit-tracker/controllers/habitControllers/deleteHabit.go:29.2,30.90 1 1
habit-tracker/controllers/habitControllers/deleteHabit.go:36.2,39.4 2 1
habit-tracker/controllers/habitControllers/deleteHabit.go:14.49,18.3 1 1
habit-tracker/controllers/habitControllers/deleteHabit.go:22.62,26.3 1 1
habit-tracker/controllers/habitControllers/deleteHabit.go:30.90,34.3 1 0
habit-tracker/controllers/habitControllers/deleteHabitList.go:11.54,14.49 2 1
habit-tracker/controllers/habitControllers/deleteHabitList.go:21.2,22.62 2 1
habit-tracker/controllers/habitControllers/deleteHabitList.go:29.2,30.95 1 1
habit-tracker/controllers/habitControllers/deleteHabitList.go:36.2,39.4 2 1
habit-tracker/controllers/habitControllers/deleteHabitList.go:14.49,18.3 1 1
habit-tracker/controllers/habitControllers/deleteHabitList.go:22.62,26.3 1 1
habit-tracker/controllers/habitControllers/deleteHabitList.go:30.95,34.3 1 0
habit-tracker/controllers/habitControllers/getAllUserHabits.go:12.55,15.49 2 0
habit-tracker/controllers/habitControllers/getAllUserHabits.go:22.2,23.62 2 0
habit-tracker/controllers/habitControllers/getAllUserHabits.go:30.2,35.16 4 0
habit-tracker/controllers/habitControllers/getAllUserHabits.go:41.2,44.18 3 0
habit-tracker/controllers/habitControllers/getAllUserHabits.go:65.2,70.16 2 0
habit-tracker/controllers/habitControllers/getAllUserHabits.go:76.2,77.19 2 0
habit-tracker/controllers/habitControllers/getAllUserHabits.go:97.2,97.35 1 0
habit-tracker/controllers/habitControllers/getAllUserHabits.go:15.49,19.3 1 0
habit-tracker/controllers/habitControllers/getAllUserHabits.go:23.62,27.3 1 0
habit-tracker/controllers/habitControllers/getAllUserHabits.go:35.16,40.3 2 0
habit-tracker/controllers/habitControllers/getAllUserHabits.go:44.18,55.18 3 0
habit-tracker/controllers/habitControllers/getAllUserHabits.go:60.3,62.6 3 0
habit-tracker/controllers/habitControllers/getAllUserHabits.go:55.18,59.4 1 0
habit-tracker/controllers/habitControllers/getAllUserHabits.go:70.16,75.3 2 0
habit-tracker/controllers/habitControllers/getAllUserHabits.go:77.19,89.18 2 0
habit-tracker/controllers/habitControllers/getAllUserHabits.go:94.3,95.90 1 0
habit-tracker/controllers/habitControllers/getAllUserHabits.go:89.18,93.4 1 0
